TN:
SF:api\constants.ts
FNF:0
FNH:0
DA:3,14
LF:1
LH:1
BRF:0
BRH:0
end_of_record
TN:
SF:api\endpoint.ts
FNF:0
FNH:0
DA:2,14
DA:3,14
DA:4,14
DA:5,14
DA:7,14
LF:5
LH:5
BRF:0
BRH:0
end_of_record
TN:
SF:api\hooks\catalogHooks.ts
FN:5,useGetCatalog
FN:7,(anonymous_1)
FNF:2
FNH:2
FNDA:2,useGetCatalog
FNDA:1,(anonymous_1)
DA:7,2
LF:1
LH:1
BRF:0
BRH:0
end_of_record
TN:
SF:api\hooks\detailItemHooks.ts
FN:6,useGetItemDetail
FN:8,(anonymous_1)
FNF:2
FNH:2
FNDA:2,useGetItemDetail
FNDA:1,(anonymous_1)
DA:7,2
DA:8,2
LF:2
LH:2
BRF:0
BRH:0
end_of_record
TN:
SF:api\hooks\exampleHooks.ts
FN:5,useGetExample
FN:6,(anonymous_1)
FN:9,usePostExample
FN:10,(anonymous_3)
FNF:4
FNH:4
FNDA:14,useGetExample
FNDA:5,(anonymous_1)
FNDA:14,usePostExample
FNDA:2,(anonymous_3)
DA:6,14
DA:10,14
LF:2
LH:2
BRF:0
BRH:0
end_of_record
TN:
SF:api\hooks\listPlacesHooks.ts
FN:7,useGetListPlaces
FN:8,(anonymous_1)
FNF:2
FNH:2
FNDA:2,useGetListPlaces
FNDA:1,(anonymous_1)
DA:8,2
LF:1
LH:1
BRF:0
BRH:0
end_of_record
TN:
SF:api\hooks\placeDetailHooks.ts
FN:4,useGetPlaceDetail
FN:5,(anonymous_1)
FNF:2
FNH:2
FNDA:4,useGetPlaceDetail
FNDA:2,(anonymous_1)
DA:5,4
LF:1
LH:1
BRF:0
BRH:0
end_of_record
TN:
SF:api\hooks\registrationHooks.ts
FN:8,useCheckPhoneNumber
FN:12,useVerifyOTP
FN:16,useRegisterCustomer
FNF:3
FNH:3
FNDA:5,useCheckPhoneNumber
FNDA:3,useVerifyOTP
FNDA:7,useRegisterCustomer
DA:9,5
DA:13,3
DA:17,7
LF:3
LH:3
BRF:0
BRH:0
end_of_record
TN:
SF:api\services\catalogService.ts
FN:13,(anonymous_0)
FNF:1
FNH:1
FNDA:2,(anonymous_0)
DA:13,2
DA:14,2
DA:19,2
LF:3
LH:3
BRF:0
BRH:0
end_of_record
TN:
SF:api\services\exampleService.ts
FN:12,(anonymous_0)
FN:25,(anonymous_1)
FNF:2
FNH:2
FNDA:6,(anonymous_0)
FNDA:3,(anonymous_1)
DA:12,2
DA:13,6
DA:17,6
DA:25,2
DA:26,3
DA:30,3
LF:6
LH:6
BRF:0
BRH:0
end_of_record
TN:
SF:api\services\itemDetailService.ts
FN:11,(anonymous_0)
FNF:1
FNH:1
FNDA:4,(anonymous_0)
DA:11,2
DA:12,4
DA:15,4
DA:16,4
DA:17,4
LF:5
LH:5
BRF:0
BRH:0
end_of_record
TN:
SF:api\services\listPlacesService.ts
FN:10,(anonymous_0)
FNF:1
FNH:1
FNDA:2,(anonymous_0)
DA:10,2
DA:11,2
DA:15,2
DA:16,2
LF:4
LH:4
BRF:0
BRH:0
end_of_record
TN:
SF:api\services\placeDetailService.ts
FN:10,(anonymous_0)
FNF:1
FNH:1
FNDA:3,(anonymous_0)
DA:10,2
DA:11,3
DA:15,3
DA:16,3
LF:4
LH:4
BRF:0
BRH:0
end_of_record
TN:
SF:api\services\registrationService.ts
FN:11,(anonymous_0)
FN:33,(anonymous_1)
FN:56,(anonymous_2)
FNF:3
FNH:3
FNDA:2,(anonymous_0)
FNDA:1,(anonymous_1)
FNDA:2,(anonymous_2)
DA:11,4
DA:15,2
DA:19,2
DA:22,2
DA:23,2
DA:33,4
DA:38,1
DA:42,1
DA:46,1
DA:47,1
DA:56,4
DA:60,2
DA:63,2
DA:67,2
DA:68,2
LF:15
LH:15
BRF:0
BRH:0
end_of_record
TN:
SF:components\Catalog\CardCatalog.tsx
FN:16,(anonymous_0)
FN:77,(anonymous_1)
FNF:2
FNH:2
FNDA:1,(anonymous_0)
FNDA:1,(anonymous_1)
DA:16,2
DA:17,1
DA:61,2
DA:74,2
DA:77,1
LF:5
LH:5
BRF:0
BRH:0
end_of_record
TN:
SF:components\Catalog\SearchBar.tsx
FN:9,(anonymous_0)
FN:10,(anonymous_1)
FNF:2
FNH:1
FNDA:2,(anonymous_0)
FNDA:0,(anonymous_1)
DA:9,1
DA:10,2
DA:12,0
DA:13,0
DA:16,2
LF:5
LH:3
BRF:0
BRH:0
end_of_record
TN:
SF:components\Drawer\Drawer.tsx
FN:14,(anonymous_0)
FN:22,(anonymous_1)
FNF:2
FNH:2
FNDA:8,(anonymous_0)
FNDA:1,(anonymous_1)
DA:14,2
DA:15,8
DA:22,1
LF:3
LH:3
BRDA:17,0,0,8
BRDA:17,0,1,2
BRF:2
BRH:2
end_of_record
TN:
SF:components\Drawer\index.ts
FNF:0
FNH:0
LF:0
LH:0
BRF:0
BRH:0
end_of_record
TN:
SF:components\Example\Button.tsx
FN:9,(anonymous_0)
FNF:1
FNH:1
FNDA:14,(anonymous_0)
DA:9,1
DA:10,14
LF:2
LH:2
BRF:0
BRH:0
end_of_record
TN:
SF:components\ItemDetail\ItemDetailCard.tsx
FN:16,(anonymous_0)
FNF:1
FNH:1
FNDA:3,(anonymous_0)
DA:16,1
DA:17,3
DA:41,1
LF:3
LH:3
BRF:0
BRH:0
end_of_record
TN:
SF:components\LandingPage\LandingWrapper.tsx
FN:8,(anonymous_0)
FNF:1
FNH:1
FNDA:2,(anonymous_0)
DA:8,1
DA:9,2
LF:2
LH:2
BRF:0
BRH:0
end_of_record
TN:
SF:components\LandingPage\AuthForm\InputName.tsx
FN:9,(anonymous_0)
FN:46,(anonymous_1)
FN:53,(anonymous_2)
FN:60,(anonymous_3)
FNF:4
FNH:4
FNDA:7,(anonymous_0)
FNDA:1,(anonymous_1)
FNDA:1,(anonymous_2)
FNDA:1,(anonymous_3)
DA:9,3
DA:14,7
DA:16,7
DA:18,7
DA:47,1
DA:55,1
DA:62,1
LF:7
LH:7
BRDA:39,0,0,7
BRDA:39,0,1,1
BRDA:40,1,0,7
BRDA:40,1,1,1
BRDA:41,2,0,7
BRDA:41,2,1,1
BRF:6
BRH:6
end_of_record
TN:
SF:components\LandingPage\AuthForm\InputOTP.tsx
FN:9,(anonymous_0)
FN:19,(anonymous_1)
FN:21,(anonymous_2)
FN:25,(anonymous_3)
FN:57,(anonymous_4)
FN:65,(anonymous_5)
FN:80,(anonymous_6)
FN:88,(anonymous_7)
FN:90,(anonymous_8)
FN:92,(anonymous_9)
FNF:10
FNH:6
FNDA:2,(anonymous_0)
FNDA:2,(anonymous_1)
FNDA:12,(anonymous_2)
FNDA:3,(anonymous_3)
FNDA:18,(anonymous_4)
FNDA:1,(anonymous_5)
FNDA:0,(anonymous_6)
FNDA:0,(anonymous_7)
FNDA:0,(anonymous_8)
FNDA:0,(anonymous_9)
DA:9,3
DA:10,2
DA:11,2
DA:12,2
DA:19,3
DA:20,2
DA:21,12
DA:22,2
DA:25,3
DA:26,3
DA:33,3
DA:34,3
DA:36,3
DA:38,3
DA:58,18
DA:65,1
DA:81,0
DA:90,0
DA:94,0
LF:19
LH:16
BRDA:10,0,0,2
BRDA:10,0,1,0
BRDA:76,1,0,3
BRDA:76,1,1,1
BRF:4
BRH:3
end_of_record
TN:
SF:components\LandingPage\AuthForm\InputPhone.tsx
FN:9,(anonymous_0)
FN:54,(anonymous_1)
FN:58,(anonymous_2)
FN:60,(anonymous_3)
FN:62,(anonymous_4)
FNF:5
FNH:4
FNDA:5,(anonymous_0)
FNDA:1,(anonymous_1)
FNDA:1,(anonymous_2)
FNDA:0,(anonymous_3)
FNDA:1,(anonymous_4)
DA:9,3
DA:10,5
DA:15,5
DA:17,5
DA:19,5
DA:55,1
DA:60,1
DA:64,1
LF:8
LH:8
BRDA:48,0,0,5
BRDA:48,0,1,1
BRDA:49,1,0,5
BRDA:49,1,1,1
BRF:4
BRH:4
end_of_record
TN:
SF:components\LandingPage\AuthForm\index.tsx
FN:16,(anonymous_0)
FNF:1
FNH:1
FNDA:4,(anonymous_0)
DA:8,3
DA:16,3
DA:17,4
DA:19,4
DA:29,4
LF:5
LH:5
BRDA:39,0,0,4
BRDA:39,0,1,4
BRDA:40,1,0,4
BRDA:40,1,1,0
BRDA:41,2,0,4
BRDA:41,2,1,0
BRF:6
BRH:4
end_of_record
TN:
SF:components\ListPlace\CardPlace.tsx
FN:18,(anonymous_0)
FN:97,(anonymous_1)
FNF:2
FNH:2
FNDA:5,(anonymous_0)
FNDA:5,(anonymous_1)
DA:18,1
DA:19,5
DA:81,1
DA:94,1
DA:97,5
LF:5
LH:5
BRF:0
BRH:0
end_of_record
TN:
SF:components\PlaceDetail\card.tsx
FN:14,(anonymous_0)
FNF:1
FNH:1
FNDA:1,(anonymous_0)
DA:14,1
DA:22,1
LF:2
LH:2
BRF:0
BRH:0
end_of_record
TN:
SF:components\PlaceDetail\reviewCard.tsx
FN:11,(anonymous_0)
FNF:1
FNH:1
FNDA:2,(anonymous_0)
DA:11,1
DA:12,2
LF:2
LH:2
BRF:0
BRH:0
end_of_record
TN:
SF:components\Utils\Button.tsx
FN:10,(anonymous_0)
FNF:1
FNH:1
FNDA:21,(anonymous_0)
DA:10,4
DA:11,21
LF:2
LH:2
BRF:0
BRH:0
end_of_record
TN:
SF:components\Utils\Image.tsx
FN:8,(anonymous_0)
FNF:1
FNH:0
FNDA:0,(anonymous_0)
DA:7,0
DA:8,0
LF:2
LH:0
BRF:0
BRH:0
end_of_record
TN:
SF:components\Utils\Layout.tsx
FN:78,(anonymous_0)
FN:84,(anonymous_1)
FN:88,(anonymous_2)
FN:94,(anonymous_3)
FN:103,(anonymous_4)
FNF:5
FNH:5
FNDA:15,(anonymous_0)
FNDA:10,(anonymous_1)
FNDA:30,(anonymous_2)
FNDA:10,(anonymous_3)
FNDA:15,(anonymous_4)
DA:9,6
DA:73,6
DA:78,6
DA:79,15
DA:81,15
DA:83,15
DA:84,10
DA:88,30
DA:94,15
DA:96,15
DA:104,15
LF:11
LH:11
BRDA:87,0,0,10
BRDA:87,0,1,1
BRDA:108,1,0,3
BRDA:108,1,1,12
BRF:4
BRH:4
end_of_record
TN:
SF:components\Utils\StarRating.tsx
FN:18,(anonymous_0)
FN:30,(anonymous_1)
FN:35,(anonymous_2)
FN:40,(anonymous_3)
FN:45,(anonymous_4)
FN:50,(anonymous_5)
FN:55,(anonymous_6)
FNF:7
FNH:7
FNDA:10,(anonymous_0)
FNDA:17,(anonymous_1)
FNDA:3,(anonymous_2)
FNDA:15,(anonymous_3)
FNDA:12,(anonymous_4)
FNDA:1,(anonymous_5)
FNDA:2,(anonymous_6)
DA:18,3
DA:19,10
DA:20,10
DA:22,10
DA:23,10
DA:24,10
DA:26,10
DA:31,17
DA:36,3
DA:41,15
DA:46,12
DA:51,1
DA:56,2
LF:13
LH:13
BRDA:28,0,0,10
BRDA:28,0,1,7
BRDA:28,0,2,7
BRDA:33,1,0,10
BRDA:33,1,1,7
BRDA:33,1,2,3
BRDA:38,2,0,10
BRDA:38,2,1,7
BRDA:38,2,2,5
BRDA:43,3,0,10
BRDA:43,3,1,3
BRDA:43,3,2,3
BRDA:48,4,0,10
BRDA:48,4,1,3
BRDA:48,4,2,1
BRDA:53,5,0,10
BRDA:53,5,1,3
BRDA:53,5,2,1
BRF:18
BRH:18
end_of_record
TN:
SF:components\Utils\StarSVG.tsx
FN:7,(anonymous_0)
FN:36,(anonymous_1)
FN:65,(anonymous_2)
FN:94,(anonymous_3)
FN:111,(anonymous_4)
FN:140,(anonymous_5)
FNF:6
FNH:6
FNDA:16,(anonymous_0)
FNDA:4,(anonymous_1)
FNDA:18,(anonymous_2)
FNDA:3,(anonymous_3)
FNDA:2,(anonymous_4)
FNDA:13,(anonymous_5)
DA:7,4
DA:8,16
DA:36,4
DA:37,4
DA:65,4
DA:66,18
DA:94,4
DA:95,3
DA:111,4
DA:112,2
DA:140,4
DA:141,13
LF:12
LH:12
BRF:0
BRH:0
end_of_record
TN:
SF:components\Utils\StyledImageDiv.tsx
FN:8,(anonymous_0)
FNF:1
FNH:1
FNDA:3,(anonymous_0)
DA:7,3
DA:8,3
LF:2
LH:2
BRF:0
BRH:0
end_of_record
TN:
SF:components\Utils\Header\index.ts
FNF:0
FNH:0
LF:0
LH:0
BRF:0
BRH:0
end_of_record
TN:
SF:components\Utils\Header\MainHeader\MainHeader.tsx
FN:9,(anonymous_0)
FNF:1
FNH:1
FNDA:15,(anonymous_0)
DA:9,6
DA:10,15
DA:11,15
DA:20,6
LF:4
LH:4
BRF:0
BRH:0
end_of_record
TN:
SF:components\Utils\Header\MainHeader\index.ts
FNF:0
FNH:0
LF:0
LH:0
BRF:0
BRH:0
end_of_record
TN:
SF:components\Utils\Navbar\index.ts
FNF:0
FNH:0
LF:0
LH:0
BRF:0
BRH:0
end_of_record
TN:
SF:components\Utils\Navbar\MainNavbar\MainNavbar.tsx
FN:11,(anonymous_0)
FN:15,(anonymous_1)
FNF:2
FNH:2
FNDA:15,(anonymous_0)
FNDA:45,(anonymous_1)
DA:11,6
DA:12,15
DA:13,15
DA:16,45
DA:28,6
LF:5
LH:5
BRF:0
BRH:0
end_of_record
TN:
SF:components\Utils\Navbar\MainNavbar\MainNavbarItem.tsx
FN:12,(anonymous_0)
FN:28,(anonymous_1)
FN:33,(anonymous_2)
FNF:3
FNH:3
FNDA:45,(anonymous_0)
FNDA:45,(anonymous_1)
FNDA:45,(anonymous_2)
DA:12,6
DA:13,45
DA:14,45
DA:26,6
DA:28,45
DA:32,6
DA:33,45
LF:7
LH:7
BRDA:28,0,0,14
BRDA:28,0,1,31
BRDA:33,1,0,14
BRDA:33,1,1,31
BRF:4
BRH:4
end_of_record
TN:
SF:components\Utils\Navbar\MainNavbar\index.ts
FNF:0
FNH:0
LF:0
LH:0
BRF:0
BRH:0
end_of_record
TN:
SF:pages\_offline.tsx
FN:5,(anonymous_0)
FNF:1
FNH:1
FNDA:1,(anonymous_0)
DA:5,1
DA:6,1
LF:2
LH:2
BRF:0
BRH:0
end_of_record
TN:
SF:pages\example.tsx
FN:14,(anonymous_0)
FN:20,(anonymous_1)
FN:24,(anonymous_2)
FN:34,(anonymous_3)
FN:41,(anonymous_4)
FN:61,(anonymous_5)
FN:71,(anonymous_6)
FNF:7
FNH:6
FNDA:14,(anonymous_0)
FNDA:1,(anonymous_1)
FNDA:1,(anonymous_2)
FNDA:4,(anonymous_3)
FNDA:0,(anonymous_4)
FNDA:6,(anonymous_5)
FNDA:2,(anonymous_6)
DA:9,1
DA:14,1
DA:19,14
DA:22,1
DA:26,1
DA:31,14
DA:36,4
DA:37,4
DA:38,4
DA:43,0
DA:48,14
DA:62,6
DA:71,2
LF:13
LH:12
BRDA:56,0,0,14
BRDA:56,0,1,6
BRDA:58,1,0,14
BRDA:58,1,1,0
BRDA:60,2,0,14
BRDA:60,2,1,8
BRDA:70,3,0,14
BRDA:70,3,1,4
BRF:8
BRH:7
end_of_record
TN:
SF:pages\index.tsx
FN:11,(anonymous_0)
FNF:1
FNH:1
FNDA:1,(anonymous_0)
DA:7,1
DA:11,1
DA:12,1
LF:3
LH:3
BRF:0
BRH:0
end_of_record
TN:
SF:pages\landingPage.tsx
FN:10,(anonymous_0)
FN:46,(anonymous_1)
FNF:2
FNH:1
FNDA:2,(anonymous_0)
FNDA:0,(anonymous_1)
DA:10,1
DA:11,2
DA:13,2
DA:46,0
LF:4
LH:3
BRF:0
BRH:0
end_of_record
TN:
SF:pages\auth\success.tsx
FN:6,(anonymous_0)
FN:11,(anonymous_1)
FN:17,(anonymous_2)
FN:18,(anonymous_3)
FNF:4
FNH:4
FNDA:4,(anonymous_0)
FNDA:4,(anonymous_1)
FNDA:3,(anonymous_2)
FNDA:3,(anonymous_3)
DA:6,1
DA:7,4
DA:8,4
DA:9,4
DA:11,4
DA:12,4
DA:13,1
DA:14,1
DA:17,3
DA:18,3
DA:22,4
LF:11
LH:11
BRDA:12,0,0,1
BRDA:12,0,1,3
BRF:2
BRH:2
end_of_record
TN:
SF:pages\place\[id].tsx
FN:14,(anonymous_0)
FN:25,(anonymous_1)
FN:26,(anonymous_2)
FN:90,(anonymous_3)
FNF:4
FNH:3
FNDA:4,(anonymous_0)
FNDA:1,(anonymous_1)
FNDA:0,(anonymous_2)
FNDA:2,(anonymous_3)
DA:14,1
DA:15,4
DA:16,4
DA:17,4
DA:19,4
DA:20,4
DA:27,0
DA:31,4
DA:91,2
LF:9
LH:8
BRDA:16,0,0,0
BRDA:16,0,1,4
BRDA:19,1,0,4
BRDA:19,1,1,0
BRDA:38,2,0,4
BRDA:38,2,1,0
BRDA:40,3,0,4
BRDA:40,3,1,1
BRDA:46,4,0,4
BRDA:46,4,1,1
BRDA:59,5,0,4
BRDA:59,5,1,1
BRDA:63,6,0,4
BRDA:63,6,1,1
BRDA:84,7,0,4
BRDA:84,7,1,1
BRDA:89,8,0,4
BRDA:89,8,1,1
BRF:18
BRH:15
end_of_record
TN:
SF:pages\place\index.tsx
FN:9,(anonymous_0)
FN:26,(anonymous_1)
FN:30,(anonymous_2)
FN:31,(anonymous_3)
FN:33,(anonymous_4)
FN:34,(anonymous_5)
FN:41,(anonymous_6)
FN:43,(anonymous_7)
FN:44,(anonymous_8)
FN:47,(anonymous_9)
FN:65,(anonymous_10)
FNF:11
FNH:8
FNDA:1,(anonymous_0)
FNDA:2,(anonymous_1)
FNDA:1,(anonymous_2)
FNDA:0,(anonymous_3)
FNDA:1,(anonymous_4)
FNDA:0,(anonymous_5)
FNDA:1,(anonymous_6)
FNDA:1,(anonymous_7)
FNDA:1,(anonymous_8)
FNDA:0,(anonymous_9)
FNDA:5,(anonymous_10)
DA:9,1
DA:10,1
DA:11,1
DA:26,1
DA:27,2
DA:28,2
DA:30,2
DA:31,1
DA:33,1
DA:34,1
DA:38,2
DA:42,1
DA:43,1
DA:44,1
DA:48,0
DA:53,2
DA:66,5
LF:17
LH:16
BRDA:10,0,0,1
BRDA:10,0,1,0
BRDA:42,1,0,1
BRDA:42,1,1,0
BRDA:63,2,0,2
BRDA:63,2,1,1
BRDA:64,3,0,2
BRDA:64,3,1,1
BRF:8
BRH:6
end_of_record
TN:
SF:pages\place\[id]\catalog\index.tsx
FN:122,(anonymous_0)
FN:141,(anonymous_1)
FN:157,(anonymous_2)
FN:161,(anonymous_3)
FN:167,(anonymous_4)
FN:168,(anonymous_5)
FN:170,(anonymous_6)
FN:171,(anonymous_7)
FN:183,(anonymous_8)
FN:191,(anonymous_9)
FN:196,(anonymous_10)
FN:198,(anonymous_11)
FN:204,(anonymous_12)
FN:231,(anonymous_13)
FN:240,(anonymous_14)
FNF:15
FNH:6
FNDA:0,(anonymous_0)
FNDA:2,(anonymous_1)
FNDA:1,(anonymous_2)
FNDA:1,(anonymous_3)
FNDA:1,(anonymous_4)
FNDA:0,(anonymous_5)
FNDA:1,(anonymous_6)
FNDA:0,(anonymous_7)
FNDA:1,(anonymous_8)
FNDA:0,(anonymous_9)
FNDA:0,(anonymous_10)
FNDA:0,(anonymous_11)
FNDA:0,(anonymous_12)
FNDA:0,(anonymous_13)
FNDA:0,(anonymous_14)
DA:122,1
DA:123,0
DA:124,0
DA:141,1
DA:142,2
DA:143,2
DA:145,2
DA:146,2
DA:147,2
DA:148,2
DA:150,2
DA:155,2
DA:157,2
DA:158,1
DA:161,2
DA:162,1
DA:163,1
DA:167,2
DA:168,1
DA:170,1
DA:171,1
DA:175,2
DA:184,1
DA:185,1
DA:186,0
DA:187,0
DA:188,0
DA:189,0
DA:190,0
DA:191,0
DA:196,0
DA:198,0
DA:205,0
DA:213,2
DA:214,2
DA:232,0
DA:236,0
DA:241,0
LF:38
LH:24
BRDA:123,0,0,0
BRDA:123,0,1,0
BRDA:143,1,0,0
BRDA:143,1,1,2
BRDA:155,2,0,2
BRDA:155,2,1,0
BRDA:162,3,0,1
BRDA:162,3,1,0
BRDA:185,4,0,0
BRDA:185,4,1,0
BRDA:189,5,0,0
BRDA:189,5,1,0
BRDA:222,6,0,2
BRDA:222,6,1,0
BRDA:223,7,0,2
BRDA:223,7,1,2
BRF:16
BRH:6
end_of_record
TN:
SF:pages\place\[id]\catalog\[item_id]\index.tsx
FN:11,(anonymous_0)
FN:26,(anonymous_1)
FN:30,(anonymous_2)
FNF:3
FNH:2
FNDA:3,(anonymous_0)
FNDA:1,(anonymous_1)
FNDA:0,(anonymous_2)
DA:11,1
DA:12,3
DA:13,2
DA:14,2
DA:16,2
DA:17,2
DA:18,2
DA:19,2
DA:20,2
DA:31,0
DA:35,2
DA:36,2
LF:12
LH:11
BRDA:13,0,0,0
BRDA:13,0,1,2
BRDA:16,1,0,2
BRDA:16,1,1,2
BRDA:17,2,0,2
BRDA:17,2,1,2
BRDA:44,3,0,2
BRDA:44,3,1,0
BRDA:46,4,0,2
BRDA:46,4,1,1
BRF:10
BRH:8
end_of_record
