TN:
SF:apis/constants.ts
FNF:0
FNH:0
DA:4,12
LF:1
LH:1
BRF:0
BRH:0
end_of_record
TN:
SF:apis/endpoint.ts
FNF:0
FNH:0
DA:2,12
DA:3,12
DA:4,12
DA:6,12
LF:4
LH:4
BRF:0
BRH:0
end_of_record
TN:
SF:apis/hooks/authHooks.ts
FN:8,useCheckPhoneNumber
FN:12,useVerifyOTP
FN:16,useRegisterUser
FNF:3
FNH:3
FNDA:9,useCheckPhoneNumber
FNDA:3,useVerifyOTP
FNDA:6,useRegisterUser
DA:9,9
DA:13,3
DA:17,6
LF:3
LH:3
BRF:0
BRH:0
end_of_record
TN:
SF:apis/hooks/catalogHooks.ts
FN:5,useGetCatalog
FN:6,(anonymous_1)
FNF:2
FNH:2
FNDA:5,useGetCatalog
FNDA:2,(anonymous_1)
DA:6,5
LF:1
LH:1
BRF:0
BRH:0
end_of_record
TN:
SF:apis/hooks/detailItemHooks.ts
FN:5,useGetItemDetail
FN:6,(anonymous_1)
FNF:2
FNH:2
FNDA:3,useGetItemDetail
FNDA:1,(anonymous_1)
DA:6,3
LF:1
LH:1
BRF:0
BRH:0
end_of_record
TN:
SF:apis/hooks/listPlacesHooks.ts
FN:4,useGetListPlaces
FN:7,(anonymous_1)
FN:11,(anonymous_2)
FNF:3
FNH:3
FNDA:2,useGetListPlaces
FNDA:1,(anonymous_1)
FNDA:3,(anonymous_2)
DA:5,2
DA:8,1
DA:12,3
DA:13,0
DA:15,3
LF:5
LH:4
BRDA:12,0,0,0
BRDA:12,0,1,3
BRF:2
BRH:1
end_of_record
TN:
SF:apis/hooks/ongoingBookingsHooks.ts
FN:4,useGetOngoingBookings
FN:5,(anonymous_1)
FNF:2
FNH:2
FNDA:3,useGetOngoingBookings
FNDA:1,(anonymous_1)
DA:5,3
LF:1
LH:1
BRF:0
BRH:0
end_of_record
TN:
SF:apis/hooks/placeDetailHooks.ts
FN:4,useGetPlaceDetail
FN:5,(anonymous_1)
FNF:2
FNH:2
FNDA:4,useGetPlaceDetail
FNDA:2,(anonymous_1)
DA:5,4
LF:1
LH:1
BRF:0
BRH:0
end_of_record
TN:
SF:apis/hooks/previousBookingsHooks.ts
FN:4,useGetPreviousBookings
FN:7,(anonymous_1)
FN:11,(anonymous_2)
FNF:3
FNH:3
FNDA:3,useGetPreviousBookings
FNDA:1,(anonymous_1)
FNDA:4,(anonymous_2)
DA:5,3
DA:8,1
DA:12,4
DA:13,0
DA:15,4
LF:5
LH:4
BRDA:12,0,0,0
BRDA:12,0,1,4
BRF:2
BRH:1
end_of_record
TN:
SF:apis/services/authService.ts
FN:14,(anonymous_0)
FN:37,(anonymous_1)
FN:56,(anonymous_2)
FNF:3
FNH:3
FNDA:1,(anonymous_0)
FNDA:1,(anonymous_1)
FNDA:1,(anonymous_2)
DA:14,3
DA:19,1
DA:23,1
DA:27,1
DA:28,1
DA:37,3
DA:38,1
DA:42,1
DA:47,1
DA:48,1
DA:56,3
DA:57,1
DA:59,1
DA:66,1
DA:70,1
DA:71,1
LF:16
LH:16
BRF:0
BRH:0
end_of_record
TN:
SF:apis/services/catalogService.ts
FN:13,(anonymous_0)
FNF:1
FNH:1
FNDA:3,(anonymous_0)
DA:13,2
DA:14,3
DA:18,3
LF:3
LH:3
BRF:0
BRH:0
end_of_record
TN:
SF:apis/services/itemDetailService.ts
FN:11,(anonymous_0)
FNF:1
FNH:1
FNDA:2,(anonymous_0)
DA:11,2
DA:12,2
DA:15,2
LF:3
LH:3
BRF:0
BRH:0
end_of_record
TN:
SF:apis/services/listPlacesService.ts
FN:10,(anonymous_0)
FNF:1
FNH:1
FNDA:2,(anonymous_0)
DA:10,3
DA:11,2
DA:15,2
DA:16,2
LF:4
LH:4
BRF:0
BRH:0
end_of_record
TN:
SF:apis/services/ongoingBookingsService.ts
FN:5,(anonymous_0)
FNF:1
FNH:1
FNDA:1,(anonymous_0)
DA:5,1
DA:6,1
DA:9,1
DA:10,1
LF:4
LH:4
BRF:0
BRH:0
end_of_record
TN:
SF:apis/services/placeDetailService.ts
FN:10,(anonymous_0)
FNF:1
FNH:1
FNDA:3,(anonymous_0)
DA:10,2
DA:11,3
DA:15,3
DA:16,3
LF:4
LH:4
BRF:0
BRH:0
end_of_record
TN:
SF:apis/services/previousBookingsService.ts
FN:10,(anonymous_0)
FNF:1
FNH:1
FNDA:1,(anonymous_0)
DA:10,1
DA:11,1
DA:15,1
DA:16,1
LF:4
LH:4
BRF:0
BRH:0
end_of_record
TN:
SF:components/Auth/AuthWrapper.tsx
FN:8,(anonymous_0)
FNF:1
FNH:1
FNDA:6,(anonymous_0)
DA:8,1
DA:9,6
LF:2
LH:2
BRF:0
BRH:0
end_of_record
TN:
SF:components/Auth/AuthForm/InputName.tsx
FN:16,(anonymous_0)
FN:55,(anonymous_1)
FN:61,(anonymous_2)
FN:69,(anonymous_3)
FNF:4
FNH:1
FNDA:6,(anonymous_0)
FNDA:0,(anonymous_1)
FNDA:0,(anonymous_2)
FNDA:0,(anonymous_3)
DA:16,2
DA:21,6
DA:23,6
DA:25,6
DA:27,6
DA:56,0
DA:62,0
DA:63,0
DA:64,0
DA:70,0
LF:10
LH:5
BRDA:48,0,0,6
BRDA:48,0,1,1
BRDA:49,1,0,6
BRDA:49,1,1,1
BRDA:50,2,0,6
BRDA:50,2,1,1
BRDA:63,3,0,0
BRDA:63,3,1,0
BRDA:78,4,0,0
BRDA:78,4,1,6
BRF:10
BRH:7
end_of_record
TN:
SF:components/Auth/AuthForm/InputOTP.tsx
FN:14,(anonymous_0)
FN:24,(anonymous_1)
FN:26,(anonymous_2)
FN:34,(anonymous_3)
FN:68,(anonymous_4)
FN:76,(anonymous_5)
FN:91,(anonymous_6)
FN:98,(anonymous_7)
FN:110,(anonymous_8)
FN:117,(anonymous_9)
FN:118,(anonymous_10)
FNF:11
FNH:6
FNDA:2,(anonymous_0)
FNDA:2,(anonymous_1)
FNDA:12,(anonymous_2)
FNDA:3,(anonymous_3)
FNDA:18,(anonymous_4)
FNDA:1,(anonymous_5)
FNDA:0,(anonymous_6)
FNDA:0,(anonymous_7)
FNDA:0,(anonymous_8)
FNDA:0,(anonymous_9)
FNDA:0,(anonymous_10)
DA:14,2
DA:15,2
DA:16,2
DA:17,2
DA:24,2
DA:25,2
DA:26,12
DA:27,2
DA:34,2
DA:35,3
DA:42,3
DA:43,3
DA:45,3
DA:47,3
DA:49,3
DA:69,18
DA:76,1
DA:92,0
DA:99,0
DA:100,0
DA:101,0
DA:102,0
DA:103,0
DA:106,0
DA:109,0
DA:110,0
DA:112,0
DA:118,0
DA:119,0
LF:29
LH:17
BRDA:15,0,0,2
BRDA:15,0,1,0
BRDA:87,1,0,3
BRDA:87,1,1,1
BRDA:100,2,0,0
BRDA:100,2,1,0
BRDA:109,3,0,0
BRDA:109,3,1,0
BRDA:128,4,0,0
BRDA:128,4,1,3
BRF:10
BRH:4
end_of_record
TN:
SF:components/Auth/AuthForm/InputPhone.tsx
FN:18,(anonymous_0)
FN:38,(anonymous_1)
FN:49,(anonymous_2)
FN:56,(anonymous_3)
FN:60,(anonymous_4)
FN:101,(anonymous_5)
FN:109,(anonymous_6)
FN:114,(anonymous_7)
FN:116,(anonymous_8)
FN:129,(anonymous_9)
FNF:10
FNH:5
FNDA:9,(anonymous_0)
FNDA:3,(anonymous_1)
FNDA:6,(anonymous_2)
FNDA:6,(anonymous_3)
FNDA:3,(anonymous_4)
FNDA:0,(anonymous_5)
FNDA:0,(anonymous_6)
FNDA:0,(anonymous_7)
FNDA:0,(anonymous_8)
FNDA:0,(anonymous_9)
DA:18,2
DA:19,9
DA:20,9
DA:21,9
DA:28,9
DA:31,9
DA:33,9
DA:35,9
DA:37,9
DA:39,3
DA:49,9
DA:50,6
DA:51,3
DA:56,9
DA:57,6
DA:58,3
DA:60,3
DA:63,9
DA:102,0
DA:110,0
DA:111,0
DA:113,0
DA:114,0
DA:117,0
DA:118,0
DA:119,0
DA:121,0
DA:129,0
DA:130,0
LF:29
LH:18
BRDA:50,0,0,3
BRDA:50,0,1,3
BRDA:57,1,0,3
BRDA:57,1,1,3
BRDA:95,2,0,9
BRDA:95,2,1,0
BRDA:96,3,0,9
BRDA:96,3,1,0
BRDA:111,4,0,0
BRDA:111,4,1,0
BRDA:111,5,0,0
BRDA:111,5,1,0
BRDA:118,6,0,0
BRDA:118,6,1,0
BRDA:138,7,0,9
BRDA:138,7,1,9
BRDA:140,8,0,0
BRDA:140,8,1,9
BRF:18
BRH:9
end_of_record
TN:
SF:components/Auth/AuthForm/index.tsx
FN:21,(anonymous_0)
FNF:1
FNH:1
FNDA:7,(anonymous_0)
DA:10,2
DA:21,2
DA:22,7
DA:24,6
DA:34,6
DA:36,6
LF:6
LH:6
BRDA:46,0,0,6
BRDA:46,0,1,6
BRDA:47,1,0,6
BRDA:47,1,1,0
BRDA:48,2,0,6
BRDA:48,2,1,0
BRF:6
BRH:4
end_of_record
TN:
SF:components/Auth/AuthForm/types.ts
FNF:0
FNH:0
LF:0
LH:0
BRF:0
BRH:0
end_of_record
TN:
SF:components/BookingList/BookingCard.tsx
FN:17,moneySeparator
FN:23,formatDate
FN:36,formatHour
FN:45,getStateCard
FN:149,(anonymous_4)
FN:217,(anonymous_5)
FN:236,(anonymous_6)
FN:245,(anonymous_7)
FNF:8
FNH:8
FNDA:7,moneySeparator
FNDA:7,formatDate
FNDA:14,formatHour
FNDA:7,getStateCard
FNDA:8,(anonymous_4)
FNDA:7,(anonymous_5)
FNDA:3,(anonymous_6)
FNDA:2,(anonymous_7)
DA:18,7
DA:21,1
DA:24,7
DA:26,7
DA:27,6
DA:29,1
DA:31,7
DA:33,7
DA:37,14
DA:38,14
DA:40,14
DA:43,1
DA:46,7
DA:47,2
DA:72,5
DA:73,1
DA:116,4
DA:117,1
DA:124,3
DA:125,1
DA:133,2
DA:134,1
DA:142,1
DA:143,1
DA:149,1
DA:150,8
DA:200,1
DA:212,1
DA:217,7
DA:230,1
DA:236,3
DA:245,1
DA:248,2
LF:33
LH:33
BRDA:26,0,0,6
BRDA:26,0,1,1
BRDA:46,1,0,2
BRDA:46,1,1,5
BRDA:72,2,0,1
BRDA:72,2,1,4
BRDA:116,3,0,1
BRDA:116,3,1,3
BRDA:124,4,0,1
BRDA:124,4,1,2
BRDA:133,5,0,1
BRDA:133,5,1,1
BRDA:142,6,0,1
BRDA:142,6,1,0
BRF:14
BRH:13
end_of_record
TN:
SF:components/Catalog/CardCatalog.tsx
FN:15,(anonymous_0)
FN:76,(anonymous_1)
FNF:2
FNH:2
FNDA:1,(anonymous_0)
FNDA:1,(anonymous_1)
DA:15,2
DA:16,1
DA:60,2
DA:73,2
DA:76,1
LF:5
LH:5
BRF:0
BRH:0
end_of_record
TN:
SF:components/Catalog/SearchBar.tsx
FN:10,(anonymous_0)
FN:11,(anonymous_1)
FNF:2
FNH:2
FNDA:5,(anonymous_0)
FNDA:1,(anonymous_1)
DA:10,1
DA:11,5
DA:13,1
DA:14,1
DA:15,1
DA:21,5
LF:6
LH:6
BRF:0
BRH:0
end_of_record
TN:
SF:components/Drawer/Drawer.tsx
FN:14,(anonymous_0)
FN:22,(anonymous_1)
FNF:2
FNH:2
FNDA:12,(anonymous_0)
FNDA:1,(anonymous_1)
DA:14,2
DA:15,12
DA:22,1
LF:3
LH:3
BRDA:17,0,0,12
BRDA:17,0,1,4
BRF:2
BRH:2
end_of_record
TN:
SF:components/Drawer/index.ts
FNF:0
FNH:0
LF:0
LH:0
BRF:0
BRH:0
end_of_record
TN:
SF:components/ItemDetail/ItemDetailCard.tsx
FN:14,(anonymous_0)
FNF:1
FNH:0
FNDA:0,(anonymous_0)
DA:14,1
DA:15,0
DA:39,1
LF:3
LH:2
BRF:0
BRH:0
end_of_record
TN:
SF:components/ListPlace/CardPlace.tsx
FN:18,(anonymous_0)
FN:97,(anonymous_1)
FNF:2
FNH:2
FNDA:5,(anonymous_0)
FNDA:5,(anonymous_1)
DA:18,2
DA:19,5
DA:81,2
DA:94,2
DA:97,5
LF:5
LH:5
BRF:0
BRH:0
end_of_record
TN:
SF:components/PlaceDetail/card.tsx
FN:14,(anonymous_0)
FNF:1
FNH:1
FNDA:1,(anonymous_0)
DA:14,1
DA:22,1
LF:2
LH:2
BRF:0
BRH:0
end_of_record
TN:
SF:components/PlaceDetail/reviewCard.tsx
FN:11,(anonymous_0)
FNF:1
FNH:1
FNDA:2,(anonymous_0)
DA:11,1
DA:12,2
LF:2
LH:2
BRF:0
BRH:0
end_of_record
TN:
SF:components/Utils/Button.tsx
FN:11,(anonymous_0)
FNF:1
FNH:1
FNDA:28,(anonymous_0)
DA:11,3
DA:17,28
LF:2
LH:2
BRDA:15,0,0,19
BRF:1
BRH:1
end_of_record
TN:
SF:components/Utils/Layout.tsx
FN:78,(anonymous_0)
FN:95,(anonymous_1)
FN:99,(anonymous_2)
FN:105,(anonymous_3)
FN:114,(anonymous_4)
FNF:5
FNH:5
FNDA:20,(anonymous_0)
FNDA:11,(anonymous_1)
FNDA:33,(anonymous_2)
FNDA:11,(anonymous_3)
FNDA:20,(anonymous_4)
DA:9,7
DA:78,7
DA:83,20
DA:90,20
DA:92,20
DA:94,20
DA:95,11
DA:99,33
DA:105,20
DA:107,20
DA:115,20
LF:11
LH:11
BRDA:80,0,0,10
BRDA:98,1,0,11
BRDA:98,1,1,1
BRDA:119,2,0,3
BRDA:119,2,1,17
BRF:5
BRH:5
end_of_record
TN:
SF:components/Utils/StarRating.tsx
FN:18,(anonymous_0)
FN:30,(anonymous_1)
FN:35,(anonymous_2)
FN:40,(anonymous_3)
FN:45,(anonymous_4)
FN:50,(anonymous_5)
FN:55,(anonymous_6)
FNF:7
FNH:7
FNDA:10,(anonymous_0)
FNDA:17,(anonymous_1)
FNDA:3,(anonymous_2)
FNDA:15,(anonymous_3)
FNDA:12,(anonymous_4)
FNDA:1,(anonymous_5)
FNDA:2,(anonymous_6)
DA:18,4
DA:19,10
DA:20,10
DA:22,10
DA:23,10
DA:24,10
DA:26,10
DA:31,17
DA:36,3
DA:41,15
DA:46,12
DA:51,1
DA:56,2
LF:13
LH:13
BRDA:28,0,0,10
BRDA:28,0,1,7
BRDA:28,0,2,7
BRDA:33,1,0,10
BRDA:33,1,1,7
BRDA:33,1,2,3
BRDA:38,2,0,10
BRDA:38,2,1,7
BRDA:38,2,2,5
BRDA:43,3,0,10
BRDA:43,3,1,3
BRDA:43,3,2,3
BRDA:48,4,0,10
BRDA:48,4,1,3
BRDA:48,4,2,1
BRDA:53,5,0,10
BRDA:53,5,1,3
BRDA:53,5,2,1
BRF:18
BRH:18
end_of_record
TN:
SF:components/Utils/StarSVG.tsx
FN:7,(anonymous_0)
FN:24,(anonymous_1)
FN:48,(anonymous_2)
FN:72,(anonymous_3)
FN:89,(anonymous_4)
FN:118,(anonymous_5)
FNF:6
FNH:6
FNDA:16,(anonymous_0)
FNDA:4,(anonymous_1)
FNDA:18,(anonymous_2)
FNDA:3,(anonymous_3)
FNDA:2,(anonymous_4)
FNDA:13,(anonymous_5)
DA:7,5
DA:8,16
DA:24,5
DA:25,4
DA:48,5
DA:49,18
DA:72,5
DA:73,3
DA:89,5
DA:90,2
DA:118,5
DA:119,13
LF:12
LH:12
BRF:0
BRH:0
end_of_record
TN:
SF:components/Utils/StyledImageDiv.tsx
FN:8,(anonymous_0)
FNF:1
FNH:1
FNDA:6,(anonymous_0)
DA:7,3
DA:8,6
LF:2
LH:2
BRF:0
BRH:0
end_of_record
TN:
SF:components/Utils/AuthHOC/withAuth.tsx
FN:8,(anonymous_0)
FN:11,(anonymous_1)
FN:15,(anonymous_2)
FNF:3
FNH:2
FNDA:5,(anonymous_0)
FNDA:7,(anonymous_1)
FNDA:0,(anonymous_2)
DA:7,4
DA:8,4
DA:11,5
DA:12,7
DA:15,5
DA:16,0
DA:17,0
DA:18,0
DA:20,0
DA:24,0
DA:29,0
DA:30,0
DA:31,0
DA:34,0
DA:36,0
DA:40,0
DA:41,0
DA:42,0
DA:45,0
DA:48,5
LF:20
LH:6
BRDA:21,0,0,0
BRDA:21,0,1,0
BRDA:29,1,0,0
BRDA:29,1,1,0
BRDA:30,2,0,0
BRDA:30,2,1,0
BRDA:40,3,0,0
BRDA:40,3,1,0
BRF:8
BRH:0
end_of_record
TN:
SF:components/Utils/AuthHOC/withoutAuth.tsx
FN:9,(anonymous_0)
FN:12,(anonymous_1)
FN:19,(anonymous_2)
FNF:3
FNH:2
FNDA:1,(anonymous_0)
FNDA:4,(anonymous_1)
FNDA:0,(anonymous_2)
DA:8,1
DA:9,1
DA:12,1
DA:13,4
DA:14,0
DA:16,4
DA:19,1
DA:20,0
DA:23,0
DA:25,0
DA:26,0
DA:29,0
DA:30,0
DA:31,0
DA:34,0
DA:37,1
LF:16
LH:7
BRDA:13,0,0,0
BRDA:13,0,1,4
BRDA:23,1,0,0
BRDA:23,1,1,0
BRDA:25,2,0,0
BRDA:25,2,1,0
BRDA:29,3,0,0
BRDA:29,3,1,0
BRF:8
BRH:1
end_of_record
TN:
SF:components/Utils/Header/index.ts
FNF:0
FNH:0
LF:0
LH:0
BRF:0
BRH:0
end_of_record
TN:
SF:components/Utils/Header/MainHeader/MainHeader.tsx
FN:12,(anonymous_0)
FN:29,(anonymous_1)
FNF:2
FNH:1
FNDA:20,(anonymous_0)
FNDA:0,(anonymous_1)
DA:12,7
DA:13,20
DA:14,20
DA:15,20
DA:29,0
DA:43,7
LF:6
LH:5
BRDA:17,0,0,10
BRDA:17,0,1,10
BRDA:24,1,0,10
BRDA:24,1,1,10
BRF:4
BRH:4
end_of_record
TN:
SF:components/Utils/Header/MainHeader/index.ts
FNF:0
FNH:0
LF:0
LH:0
BRF:0
BRH:0
end_of_record
TN:
SF:components/Utils/Navbar/index.ts
FNF:0
FNH:0
LF:0
LH:0
BRF:0
BRH:0
end_of_record
TN:
SF:components/Utils/Navbar/MainNavbar/MainNavbar.tsx
FN:11,(anonymous_0)
FN:15,(anonymous_1)
FNF:2
FNH:2
FNDA:20,(anonymous_0)
FNDA:60,(anonymous_1)
DA:11,7
DA:12,20
DA:13,20
DA:16,60
DA:28,7
LF:5
LH:5
BRF:0
BRH:0
end_of_record
TN:
SF:components/Utils/Navbar/MainNavbar/MainNavbarItem.tsx
FN:12,(anonymous_0)
FN:28,(anonymous_1)
FN:33,(anonymous_2)
FNF:3
FNH:3
FNDA:60,(anonymous_0)
FNDA:60,(anonymous_1)
FNDA:60,(anonymous_2)
DA:12,7
DA:13,60
DA:14,60
DA:26,7
DA:28,60
DA:32,7
DA:33,60
LF:7
LH:7
BRDA:28,0,0,19
BRDA:28,0,1,41
BRDA:33,1,0,19
BRDA:33,1,1,41
BRF:4
BRH:4
end_of_record
TN:
SF:components/Utils/Navbar/MainNavbar/index.ts
FNF:0
FNH:0
LF:0
LH:0
BRF:0
BRH:0
end_of_record
TN:
SF:firebase/config.ts
FNF:0
FNH:0
DA:1,2
LF:1
LH:1
BRF:0
BRH:0
end_of_record
TN:
SF:firebase/index.ts
FNF:0
FNH:0
DA:8,2
DA:9,2
LF:2
LH:2
BRF:0
BRH:0
end_of_record
TN:
SF:pages/_offline.tsx
FN:5,(anonymous_0)
FNF:1
FNH:1
FNDA:1,(anonymous_0)
DA:5,1
DA:6,1
LF:2
LH:2
BRF:0
BRH:0
end_of_record
TN:
SF:pages/_oldindex.tsx
FN:11,(anonymous_0)
FNF:1
FNH:1
FNDA:1,(anonymous_0)
DA:7,1
DA:11,1
DA:12,1
LF:3
LH:3
BRF:0
BRH:0
end_of_record
TN:
SF:pages/index.tsx
FN:12,(anonymous_0)
FN:18,(anonymous_1)
FN:25,(anonymous_2)
FN:26,(anonymous_3)
FN:28,(anonymous_4)
FN:29,(anonymous_5)
FN:46,(anonymous_6)
FN:47,(anonymous_7)
FNF:8
FNH:6
FNDA:2,(anonymous_0)
FNDA:2,(anonymous_1)
FNDA:1,(anonymous_2)
FNDA:0,(anonymous_3)
FNDA:1,(anonymous_4)
FNDA:0,(anonymous_5)
FNDA:1,(anonymous_6)
FNDA:5,(anonymous_7)
DA:12,2
DA:13,2
DA:14,2
DA:18,2
DA:19,2
DA:20,2
DA:23,2
DA:25,2
DA:26,1
DA:28,1
DA:29,1
DA:30,0
DA:35,2
DA:47,1
DA:48,5
LF:15
LH:14
BRDA:13,0,0,2
BRDA:13,0,1,0
BRDA:20,1,0,0
BRDA:20,1,1,2
BRDA:45,2,0,2
BRDA:45,2,1,1
BRDA:64,3,0,2
BRDA:64,3,1,1
BRDA:64,3,2,0
BRF:9
BRH:6
end_of_record
TN:
SF:pages/auth/index.tsx
FN:12,(anonymous_0)
FN:18,(anonymous_1)
FN:23,(anonymous_2)
FN:28,(anonymous_3)
FN:58,(anonymous_4)
FN:62,(anonymous_5)
FNF:6
FNH:6
FNDA:6,(anonymous_0)
FNDA:1,(anonymous_1)
FNDA:1,(anonymous_2)
FNDA:6,(anonymous_3)
FNDA:1,(anonymous_4)
FNDA:1,(anonymous_5)
DA:12,1
DA:13,6
DA:16,6
DA:18,6
DA:19,1
DA:20,1
DA:23,6
DA:24,1
DA:25,1
DA:28,6
DA:29,6
DA:30,4
DA:33,6
DA:58,1
DA:62,1
LF:15
LH:15
BRDA:29,0,0,2
BRDA:29,0,1,4
BRDA:67,1,0,6
BRDA:67,1,1,2
BRF:4
BRH:4
end_of_record
TN:
SF:pages/auth/success.tsx
FN:7,(anonymous_0)
FN:12,(anonymous_1)
FN:18,(anonymous_2)
FN:19,(anonymous_3)
FNF:4
FNH:4
FNDA:4,(anonymous_0)
FNDA:4,(anonymous_1)
FNDA:3,(anonymous_2)
FNDA:3,(anonymous_3)
DA:7,1
DA:8,4
DA:9,4
DA:10,4
DA:12,4
DA:13,4
DA:14,1
DA:15,1
DA:18,3
DA:19,3
DA:23,4
LF:11
LH:11
BRDA:13,0,0,1
BRDA:13,0,1,3
BRF:2
BRH:2
end_of_record
TN:
SF:pages/booking-saya/index.tsx
FN:13,(anonymous_0)
FN:19,(anonymous_1)
FN:26,(anonymous_2)
FN:27,(anonymous_3)
FN:33,(anonymous_4)
FN:34,(anonymous_5)
FN:36,(anonymous_6)
FN:37,(anonymous_7)
FN:67,(anonymous_8)
FN:100,(anonymous_9)
FN:102,(anonymous_10)
FNF:11
FNH:6
FNDA:1,(anonymous_0)
FNDA:4,(anonymous_1)
FNDA:0,(anonymous_2)
FNDA:0,(anonymous_3)
FNDA:1,(anonymous_4)
FNDA:0,(anonymous_5)
FNDA:1,(anonymous_6)
FNDA:0,(anonymous_7)
FNDA:0,(anonymous_8)
FNDA:1,(anonymous_9)
FNDA:7,(anonymous_10)
DA:13,1
DA:14,1
DA:15,1
DA:19,1
DA:20,4
DA:21,3
DA:23,3
DA:24,3
DA:28,0
DA:33,3
DA:34,1
DA:36,1
DA:37,1
DA:38,0
DA:43,3
DA:68,0
DA:101,1
DA:102,1
DA:103,7
LF:19
LH:16
BRDA:14,0,0,1
BRDA:14,0,1,0
BRDA:21,1,0,0
BRDA:21,1,1,3
BRDA:66,2,0,3
BRDA:66,2,1,0
BRDA:99,3,0,3
BRDA:99,3,1,1
BRDA:123,4,0,3
BRDA:123,4,1,2
BRDA:123,4,2,0
BRF:11
BRH:7
end_of_record
TN:
SF:pages/place/[id]/index.tsx
FN:16,(anonymous_0)
FN:27,(anonymous_1)
FN:28,(anonymous_2)
FN:98,(anonymous_3)
FNF:4
FNH:3
FNDA:4,(anonymous_0)
FNDA:1,(anonymous_1)
FNDA:0,(anonymous_2)
FNDA:2,(anonymous_3)
DA:16,1
DA:17,4
DA:18,4
DA:19,4
DA:21,4
DA:22,4
DA:29,0
DA:33,4
DA:99,2
LF:9
LH:8
BRDA:18,0,0,0
BRDA:18,0,1,4
BRDA:21,1,0,4
BRDA:21,1,1,0
BRDA:40,2,0,4
BRDA:40,2,1,0
BRDA:42,3,0,4
BRDA:42,3,1,1
BRDA:48,4,0,4
BRDA:48,4,1,1
BRDA:61,5,0,4
BRDA:61,5,1,1
BRDA:65,6,0,4
BRDA:65,6,1,1
BRDA:92,7,0,4
BRDA:92,7,1,1
BRDA:97,8,0,4
BRDA:97,8,1,1
BRF:18
BRH:15
end_of_record
TN:
SF:pages/place/[id]/catalog/index.tsx
FN:27,(anonymous_0)
FN:41,(anonymous_1)
FN:45,(anonymous_2)
FN:51,(anonymous_3)
FN:52,(anonymous_4)
FN:54,(anonymous_5)
FN:55,(anonymous_6)
FN:67,(anonymous_7)
FN:68,(anonymous_8)
FN:73,(anonymous_9)
FN:78,(anonymous_10)
FN:80,(anonymous_11)
FN:85,(anonymous_12)
FN:107,(anonymous_13)
FN:117,(anonymous_14)
FNF:15
FNH:8
FNDA:8,(anonymous_0)
FNDA:1,(anonymous_1)
FNDA:1,(anonymous_2)
FNDA:1,(anonymous_3)
FNDA:0,(anonymous_4)
FNDA:1,(anonymous_5)
FNDA:0,(anonymous_6)
FNDA:1,(anonymous_7)
FNDA:2,(anonymous_8)
FNDA:0,(anonymous_9)
FNDA:0,(anonymous_10)
FNDA:0,(anonymous_11)
FNDA:0,(anonymous_12)
FNDA:1,(anonymous_13)
FNDA:0,(anonymous_14)
DA:27,1
DA:28,8
DA:29,7
DA:30,7
DA:31,7
DA:32,7
DA:33,7
DA:34,5
DA:39,5
DA:41,5
DA:42,1
DA:45,5
DA:46,1
DA:47,1
DA:51,5
DA:52,1
DA:54,1
DA:55,1
DA:59,5
DA:68,1
DA:69,2
DA:71,1
DA:72,1
DA:73,0
DA:78,0
DA:80,0
DA:86,0
DA:90,5
DA:108,1
DA:112,1
DA:118,0
LF:31
LH:26
BRDA:29,0,0,0
BRDA:29,0,1,7
BRDA:39,1,0,5
BRDA:39,1,1,0
BRDA:46,2,0,1
BRDA:46,2,1,0
BRDA:71,3,0,1
BRDA:71,3,1,0
BRDA:98,4,0,5
BRDA:98,4,1,0
BRDA:99,5,0,5
BRDA:99,5,1,5
BRF:12
BRH:7
end_of_record
TN:
SF:pages/place/[id]/catalog/[item_id]/index.tsx
FN:11,(anonymous_0)
FN:24,(anonymous_1)
FN:25,(anonymous_2)
FNF:3
FNH:2
FNDA:4,(anonymous_0)
FNDA:1,(anonymous_1)
FNDA:0,(anonymous_2)
DA:11,1
DA:12,4
DA:13,3
DA:14,3
DA:16,3
DA:17,3
DA:18,3
DA:26,0
DA:30,3
LF:9
LH:8
BRDA:13,0,0,0
BRDA:13,0,1,3
BRDA:16,1,0,3
BRDA:16,1,1,3
BRDA:17,2,0,3
BRDA:17,2,1,3
BRDA:38,3,0,3
BRDA:38,3,1,0
BRDA:40,4,0,3
BRDA:40,4,1,2
BRF:10
BRH:8
end_of_record
TN:
SF:utils/capitalize.ts
FN:1,(anonymous_0)
FNF:1
FNH:1
FNDA:1,(anonymous_0)
DA:1,3
DA:2,1
LF:2
LH:2
BRDA:2,0,0,1
BRDA:2,0,1,1
BRDA:2,0,2,0
BRF:3
BRH:2
end_of_record
